[debug] [2021-04-18T04:56:45.238Z] ----------------------------------------------------------------------
[debug] [2021-04-18T04:56:45.240Z] Command:       /usr/local/bin/node /usr/local/bin/firebase deploy
[debug] [2021-04-18T04:56:45.240Z] CLI Version:   9.8.0
[debug] [2021-04-18T04:56:45.240Z] Platform:      darwin
[debug] [2021-04-18T04:56:45.240Z] Node Version:  v14.16.0
[debug] [2021-04-18T04:56:45.243Z] Time:          Sat Apr 17 2021 21:56:45 GMT-0700 (Pacific Daylight Time)
[debug] [2021-04-18T04:56:45.244Z] ----------------------------------------------------------------------
[debug] 
[debug] [2021-04-18T04:56:45.246Z] >>> [apiv2][query] GET https://firebase-public.firebaseio.com/cli.json [none]
[debug] [2021-04-18T04:56:45.272Z] > command requires scopes: ["email","openid","https://www.googleapis.com/auth/cloudplatformprojects.readonly","https://www.googleapis.com/auth/firebase","https://www.googleapis.com/auth/cloud-platform"]
[debug] [2021-04-18T04:56:45.272Z] > authorizing via signed-in user
[debug] [2021-04-18T04:56:45.272Z] [iam] checking project team-tiger-tkd for permissions ["firebase.projects.get","firebasehosting.sites.update"]
[debug] [2021-04-18T04:56:45.274Z] > refreshing access token with scopes: ["email","https://www.googleapis.com/auth/cloud-platform","https://www.googleapis.com/auth/cloudplatformprojects.readonly","https://www.googleapis.com/auth/firebase","openid"]
[debug] [2021-04-18T04:56:45.274Z] >>> HTTP REQUEST POST https://www.googleapis.com/oauth2/v3/token  
 <request body omitted>
[debug] [2021-04-18T04:56:45.476Z] <<< HTTP RESPONSE 200 {"expires":"Mon, 01 Jan 1990 00:00:00 GMT","date":"Sun, 18 Apr 2021 04:56:45 GMT","cache-control":"no-cache, no-store, max-age=0, must-revalidate","pragma":"no-cache","content-type":"application/json; charset=utf-8","vary":"X-Origin, Referer, Origin,Accept-Encoding","server":"scaffolding on HTTPServer2","x-xss-protection":"0","x-frame-options":"SAMEORIGIN","x-content-type-options":"nosniff","alt-svc":"h3-29=\":443\"; ma=2592000,h3-T051=\":443\"; ma=2592000,h3-Q050=\":443\"; ma=2592000,h3-Q046=\":443\"; ma=2592000,h3-Q043=\":443\"; ma=2592000,quic=\":443\"; ma=2592000; v=\"46,43\"","accept-ranges":"none","transfer-encoding":"chunked"}
[debug] [2021-04-18T04:56:45.501Z] >>> HTTP REQUEST POST https://cloudresourcemanager.googleapis.com/v1/projects/team-tiger-tkd:testIamPermissions  
 {"permissions":["firebase.projects.get","firebasehosting.sites.update"]}
[debug] [2021-04-18T04:56:45.702Z] <<< [apiv2][status] GET https://firebase-public.firebaseio.com/cli.json 200
[debug] [2021-04-18T04:56:45.702Z] <<< [apiv2][body] GET https://firebase-public.firebaseio.com/cli.json {"cloudBuildErrorAfter":1594252800000,"cloudBuildWarnAfter":1590019200000,"defaultNode10After":1594252800000,"minVersion":"3.0.5","node8DeploysDisabledAfter":1613390400000,"node8RuntimeDisabledAfter":1615809600000,"node8WarnAfter":1600128000000}
[debug] [2021-04-18T04:56:45.752Z] <<< HTTP RESPONSE 200 {"content-type":"application/json; charset=UTF-8","vary":"X-Origin, Referer, Origin,Accept-Encoding","date":"Sun, 18 Apr 2021 04:56:45 GMT","server":"ESF","cache-control":"private","x-xss-protection":"0","x-frame-options":"SAMEORIGIN","x-content-type-options":"nosniff","server-timing":"gfet4t7; dur=93","alt-svc":"h3-29=\":443\"; ma=2592000,h3-T051=\":443\"; ma=2592000,h3-Q050=\":443\"; ma=2592000,h3-Q046=\":443\"; ma=2592000,h3-Q043=\":443\"; ma=2592000,quic=\":443\"; ma=2592000; v=\"46,43\"","accept-ranges":"none","transfer-encoding":"chunked"}
[debug] [2021-04-18T04:56:45.754Z] [iam] error while checking permissions, command may fail: FirebaseError: Authorization failed. This account is missing the following required permissions on project team-tiger-tkd:

  firebase.projects.get
  firebasehosting.sites.update
[debug] [2021-04-18T04:56:45.755Z] > refreshing access token with scopes: []
[debug] [2021-04-18T04:56:45.755Z] >>> HTTP REQUEST POST https://www.googleapis.com/oauth2/v3/token  
 <request body omitted>
[debug] [2021-04-18T04:56:45.910Z] <<< HTTP RESPONSE 200 {"cache-control":"no-cache, no-store, max-age=0, must-revalidate","expires":"Mon, 01 Jan 1990 00:00:00 GMT","pragma":"no-cache","date":"Sun, 18 Apr 2021 04:56:45 GMT","content-type":"application/json; charset=utf-8","vary":"X-Origin, Referer, Origin,Accept-Encoding","server":"scaffolding on HTTPServer2","x-xss-protection":"0","x-frame-options":"SAMEORIGIN","x-content-type-options":"nosniff","alt-svc":"h3-29=\":443\"; ma=2592000,h3-T051=\":443\"; ma=2592000,h3-Q050=\":443\"; ma=2592000,h3-Q046=\":443\"; ma=2592000,h3-Q043=\":443\"; ma=2592000,quic=\":443\"; ma=2592000; v=\"46,43\"","accept-ranges":"none","transfer-encoding":"chunked"}
[debug] [2021-04-18T04:56:45.926Z] >>> [apiv2][query] GET https://firebase.googleapis.com/v1beta1/projects/team-tiger-tkd [none]
[debug] [2021-04-18T04:56:46.170Z] <<< [apiv2][status] GET https://firebase.googleapis.com/v1beta1/projects/team-tiger-tkd 403
[debug] [2021-04-18T04:56:46.170Z] <<< [apiv2][body] GET https://firebase.googleapis.com/v1beta1/projects/team-tiger-tkd {"error":{"code":403,"message":"The caller does not have permission","status":"PERMISSION_DENIED"}}
[debug] [2021-04-18T04:56:46.170Z] HTTP Error: 403, The caller does not have permission
[debug] [2021-04-18T04:56:46.306Z] FirebaseError: HTTP Error: 403, The caller does not have permission
    at module.exports (/usr/local/lib/node_modules/firebase-tools/lib/responseToError.js:38:12)
    at Client.doRequest (/usr/local/lib/node_modules/firebase-tools/lib/apiv2.js:238:23)
    at processTicksAndRejections (internal/process/task_queues.js:93:5)
    at async Client.request (/usr/local/lib/node_modules/firebase-tools/lib/apiv2.js:96:20)
    at async Object.getFirebaseProject (/usr/local/lib/node_modules/firebase-tools/lib/management/projects.js:289:21)
    at async Object.getDefaultHostingSite (/usr/local/lib/node_modules/firebase-tools/lib/getDefaultHostingSite.js:8:21)
    at async requireHostingSite (/usr/local/lib/node_modules/firebase-tools/lib/requireHostingSite.js:9:18)
    at async Object.fn (/usr/local/lib/node_modules/firebase-tools/lib/commands/deploy.js:66:9)
    at async /usr/local/lib/node_modules/firebase-tools/lib/command.js:161:17
[error] 
[error] Error: Failed to get Firebase project team-tiger-tkd. Please make sure the project exists and your account has permission to access it.
